<?xml version="1.0" encoding="UTF-8"?>
<!-- Generated by org.testng.reporters.JUnitReportReporter -->
<testsuite hostname="annisas-MacBook-Air.local" failures="0" tests="1" name="com.example.comparator.RunCucumberTest" time="2.902" errors="0" timestamp="2024-07-09T11:20:28 WIB" skipped="0">
  <testcase classname="com.example.comparator.RunCucumberTest" name="runScenario" time="2.902"/>
  <system-out/>
</testsuite> <!-- com.example.comparator.RunCucumberTest -->
